5.2922 	EXP 	Created window1 = Window(allowGUI=False, allowStencil=False, args=UNKNOWN, autoLog=True, bitsMode=UNKNOWN, blendMode='avg', color=array([0.85, 0.85, 0.85]), colorSpace='rgb', fullscr=<method-wrapper '__getattribute__' of attributeSetter object at 0x000002A220169EB8>, gamma=None, kwargs=UNKNOWN, lms=UNKNOWN, monitor=<psychopy.monitors.calibTools.Monitor object at 0x000002A220133C18>, multiSample=False, name='window1', numSamples=2, pos=[0.0, 0.0], screen=0, size=array([1920, 1080]), stereo=False, units='height', useFBO=True, useRetina=False, viewOri=0.0, viewPos=None, viewScale=None, waitBlanking=True, winType='pyglet')
5.2923 	EXP 	window1: recordFrameIntervals = False
5.3595 	EXP 	window1: recordFrameIntervals = True
5.4341 	EXP 	window1: recordFrameIntervals = False
5.8254 	EXP 	Created text_welcome_screen = TextStim(__class__=<class 'psychopy.visual.text.TextStim'>, alignHoriz='center', alignVert='center', antialias=True, autoLog=True, bold=False, color='black', colorSpace='named', contrast=1.0, depth=0.0, flipHoriz=False, flipVert=False, font='Arial', fontFiles=[], height=0.1, italic=False, languageStyle='LTR', name='text_welcome_screen', opacity=1.0, ori=0, pos=array([0., 0.]), rgb=array([0., 0., 0.]), text=str(...), units='height', win=Window(...), wrapWidth=1)
5.8382 	EXP 	Created text_instructions_welcome_screen = TextStim(__class__=<class 'psychopy.visual.text.TextStim'>, alignHoriz='center', alignVert='center', antialias=True, autoLog=True, bold=False, color='black', colorSpace='named', contrast=1.0, depth=-2.0, flipHoriz=False, flipVert=False, font='Arial', fontFiles=[], height=0.04, italic=False, languageStyle='LTR', name='text_instructions_welcome_screen', opacity=1.0, ori=0, pos=array([ 0. , -0.2]), rgb=array([0., 0., 0.]), text="(Press 'Space' to continue)", units='height', win=Window(...), wrapWidth=1)
5.8389 	EXP 	Created text_blank_screen = TextStim(__class__=<class 'psychopy.visual.text.TextStim'>, alignHoriz='center', alignVert='center', antialias=True, autoLog=True, bold=False, color='white', colorSpace='named', contrast=1.0, depth=0.0, flipHoriz=False, flipVert=False, font='Arial', fontFiles=[], height=0.1, italic=False, languageStyle='LTR', name='text_blank_screen', opacity=1.0, ori=0, pos=array([0., 0.]), rgb=array([255., 255., 255.]), text='', units='height', win=Window(...), wrapWidth=1)
5.8506 	EXP 	Created text_baseline_screen = TextStim(__class__=<class 'psychopy.visual.text.TextStim'>, alignHoriz='center', alignVert='center', antialias=True, autoLog=True, bold=False, color='black', colorSpace='named', contrast=1.0, depth=0.0, flipHoriz=False, flipVert=False, font='Arial', fontFiles=[], height=0.1, italic=False, languageStyle='LTR', name='text_baseline_screen', opacity=1.0, ori=0, pos=array([0., 0.]), rgb=array([0., 0., 0.]), text='    Baseline \nMeasurement', units='height', win=Window(...), wrapWidth=1)
5.8556 	EXP 	Created text_baseline_screen_title = TextStim(__class__=<class 'psychopy.visual.text.TextStim'>, alignHoriz='center', alignVert='center', antialias=True, autoLog=True, bold=False, color='black', colorSpace='named', contrast=1.0, depth=-1.0, flipHoriz=False, flipVert=False, font='Arial', fontFiles=[], height=0.04, italic=False, languageStyle='LTR', name='text_baseline_screen_title', opacity=1.0, ori=0, pos=array([0. , 0.2]), rgb=array([0., 0., 0.]), text='Segment One:', units='height', win=Window(...), wrapWidth=1)
5.8561 	EXP 	Created text_blank_screen = TextStim(__class__=<class 'psychopy.visual.text.TextStim'>, alignHoriz='center', alignVert='center', antialias=True, autoLog=True, bold=False, color='white', colorSpace='named', contrast=1.0, depth=0.0, flipHoriz=False, flipVert=False, font='Arial', fontFiles=[], height=0.1, italic=False, languageStyle='LTR', name='text_blank_screen', opacity=1.0, ori=0, pos=array([0., 0.]), rgb=array([255., 255., 255.]), text='', units='height', win=Window(...), wrapWidth=1)
5.8770 	EXP 	Created text_baseline_instructions = TextStim(__class__=<class 'psychopy.visual.text.TextStim'>, alignHoriz='center', alignVert='center', antialias=True, autoLog=True, bold=False, color='black', colorSpace='named', contrast=1.0, depth=0.0, flipHoriz=False, flipVert=False, font='Arial', fontFiles=[], height=0.1, italic=False, languageStyle='LTR', name='text_baseline_instructions', opacity=1.0, ori=0, pos=array([0., 0.]), rgb=array([0., 0., 0.]), text=str(...), units='height', win=Window(...), wrapWidth=1)
5.8855 	EXP 	Created text_baseline_countdown = TextStim(__class__=<class 'psychopy.visual.text.TextStim'>, alignHoriz='center', alignVert='center', antialias=True, autoLog=True, bold=False, color='black', colorSpace='named', contrast=1.0, depth=-1.0, flipHoriz=False, flipVert=False, font='Arial', fontFiles=[], height=0.1, italic=False, languageStyle='LTR', name='text_baseline_countdown', opacity=1.0, ori=0, pos=array([0., 0.]), rgb=array([0., 0., 0.]), text='default text', units='height', win=Window(...), wrapWidth=1)
5.8860 	EXP 	Created text_blank_screen = TextStim(__class__=<class 'psychopy.visual.text.TextStim'>, alignHoriz='center', alignVert='center', antialias=True, autoLog=True, bold=False, color='white', colorSpace='named', contrast=1.0, depth=0.0, flipHoriz=False, flipVert=False, font='Arial', fontFiles=[], height=0.1, italic=False, languageStyle='LTR', name='text_blank_screen', opacity=1.0, ori=0, pos=array([0., 0.]), rgb=array([255., 255., 255.]), text='', units='height', win=Window(...), wrapWidth=1)
5.9637 	EXP 	Created text_baseline_measurement = TextStim(__class__=<class 'psychopy.visual.text.TextStim'>, alignHoriz='center', alignVert='center', antialias=True, autoLog=True, bold=False, color='black', colorSpace='named', contrast=1.0, depth=0.0, flipHoriz=False, flipVert=False, font='Arial', fontFiles=[], height=0.3, italic=False, languageStyle='LTR', name='text_baseline_measurement', opacity=1.0, ori=0, pos=array([0., 0.]), rgb=array([0., 0., 0.]), text='+', units='height', win=Window(...), wrapWidth=1)
5.9641 	EXP 	Created text_blank_screen = TextStim(__class__=<class 'psychopy.visual.text.TextStim'>, alignHoriz='center', alignVert='center', antialias=True, autoLog=True, bold=False, color='white', colorSpace='named', contrast=1.0, depth=0.0, flipHoriz=False, flipVert=False, font='Arial', fontFiles=[], height=0.1, italic=False, languageStyle='LTR', name='text_blank_screen', opacity=1.0, ori=0, pos=array([0., 0.]), rgb=array([255., 255., 255.]), text='', units='height', win=Window(...), wrapWidth=1)
5.9739 	EXP 	Created text_baseline_end = TextStim(__class__=<class 'psychopy.visual.text.TextStim'>, alignHoriz='center', alignVert='center', antialias=True, autoLog=True, bold=False, color='black', colorSpace='named', contrast=1.0, depth=0.0, flipHoriz=False, flipVert=False, font='Arial', fontFiles=[], height=0.1, italic=False, languageStyle='LTR', name='text_baseline_end', opacity=1.0, ori=0, pos=array([0., 0.]), rgb=array([0., 0., 0.]), text='Ending Segment One.', units='height', win=Window(...), wrapWidth=1)
5.9777 	EXP 	Created text_baseline_end_instructions = TextStim(__class__=<class 'psychopy.visual.text.TextStim'>, alignHoriz='center', alignVert='center', antialias=True, autoLog=True, bold=False, color='black', colorSpace='named', contrast=1.0, depth=-1.0, flipHoriz=False, flipVert=False, font='Arial', fontFiles=[], height=0.04, italic=False, languageStyle='LTR', name='text_baseline_end_instructions', opacity=1.0, ori=0, pos=array([ 0. , -0.2]), rgb=array([0., 0., 0.]), text="(Press 'Space' to continue)", units='height', win=Window(...), wrapWidth=1)
5.9782 	EXP 	Created text_blank_screen = TextStim(__class__=<class 'psychopy.visual.text.TextStim'>, alignHoriz='center', alignVert='center', antialias=True, autoLog=True, bold=False, color='white', colorSpace='named', contrast=1.0, depth=0.0, flipHoriz=False, flipVert=False, font='Arial', fontFiles=[], height=0.1, italic=False, languageStyle='LTR', name='text_blank_screen', opacity=1.0, ori=0, pos=array([0., 0.]), rgb=array([255., 255., 255.]), text='', units='height', win=Window(...), wrapWidth=1)
5.9826 	EXP 	Created text_stress_screen_title = TextStim(__class__=<class 'psychopy.visual.text.TextStim'>, alignHoriz='center', alignVert='center', antialias=True, autoLog=True, bold=False, color='black', colorSpace='named', contrast=1.0, depth=0.0, flipHoriz=False, flipVert=False, font='Arial', fontFiles=[], height=0.04, italic=False, languageStyle='LTR', name='text_stress_screen_title', opacity=1.0, ori=0, pos=array([0., 0.]), rgb=array([0., 0., 0.]), text='Segment Two:', units='height', win=Window(...), wrapWidth=1)
5.9879 	EXP 	Created text_stress_screen = TextStim(__class__=<class 'psychopy.visual.text.TextStim'>, alignHoriz='center', alignVert='center', antialias=True, autoLog=True, bold=False, color='black', colorSpace='named', contrast=1.0, depth=-1.0, flipHoriz=False, flipVert=False, font='Arial', fontFiles=[], height=0.1, italic=False, languageStyle='LTR', name='text_stress_screen', opacity=1.0, ori=0, pos=array([0., 0.]), rgb=array([0., 0., 0.]), text='Stress Measurement', units='height', win=Window(...), wrapWidth=1)
5.9883 	EXP 	Created text_blank_screen = TextStim(__class__=<class 'psychopy.visual.text.TextStim'>, alignHoriz='center', alignVert='center', antialias=True, autoLog=True, bold=False, color='white', colorSpace='named', contrast=1.0, depth=0.0, flipHoriz=False, flipVert=False, font='Arial', fontFiles=[], height=0.1, italic=False, languageStyle='LTR', name='text_blank_screen', opacity=1.0, ori=0, pos=array([0., 0.]), rgb=array([255., 255., 255.]), text='', units='height', win=Window(...), wrapWidth=1)
6.0971 	EXP 	text_welcome_screen: autoDraw = True
6.0971 	EXP 	text_instructions_welcome_screen: autoDraw = True
6.8276 	DATA 	Keypress: space
6.8285 	EXP 	text_welcome_screen: autoDraw = False
6.8285 	EXP 	text_instructions_welcome_screen: autoDraw = False
6.8285 	EXP 	text_blank_screen: autoDraw = True
7.3302 	EXP 	text_blank_screen: autoDraw = False
7.3302 	EXP 	text_blank_screen: autoDraw = False
7.3302 	EXP 	text_baseline_screen: autoDraw = True
7.3302 	EXP 	text_baseline_screen_title: autoDraw = True
12.3305 	EXP 	text_baseline_screen: autoDraw = False
12.3305 	EXP 	text_baseline_screen_title: autoDraw = False
12.3305 	EXP 	text_baseline_screen: autoDraw = False
12.3305 	EXP 	text_baseline_screen_title: autoDraw = False
12.3305 	EXP 	text_blank_screen: autoDraw = True
12.8308 	EXP 	text_blank_screen: autoDraw = False
12.8308 	EXP 	text_blank_screen: autoDraw = False
12.8308 	EXP 	text_baseline_instructions: autoDraw = True
17.8279 	EXP 	text_baseline_instructions: autoDraw = False
18.3373 	EXP 	text_baseline_countdown: autoDraw = True
28.3332 	EXP 	text_baseline_instructions: autoDraw = False
28.3332 	EXP 	text_baseline_countdown: autoDraw = False
28.3332 	EXP 	text_blank_screen: autoDraw = True
28.8336 	EXP 	text_blank_screen: autoDraw = False
28.8336 	EXP 	text_baseline_measurement: autoDraw = True
33.8331 	EXP 	text_baseline_measurement: autoDraw = False
33.8331 	EXP 	text_blank_screen: autoDraw = True
34.3288 	EXP 	text_blank_screen: autoDraw = False
34.3288 	EXP 	text_blank_screen: autoDraw = False
34.3288 	EXP 	text_baseline_end: autoDraw = True
34.3288 	EXP 	text_baseline_end_instructions: autoDraw = True
37.6960 	DATA 	Keypress: space
37.7050 	EXP 	text_baseline_end: autoDraw = False
37.7050 	EXP 	text_baseline_end_instructions: autoDraw = False
37.7050 	EXP 	text_blank_screen: autoDraw = True
38.2061 	EXP 	text_blank_screen: autoDraw = False
38.2061 	EXP 	text_blank_screen: autoDraw = False
38.2061 	EXP 	text_stress_screen_title: autoDraw = True
38.2061 	EXP 	text_stress_screen: autoDraw = True
43.2040 	EXP 	text_stress_screen_title: autoDraw = False
43.2040 	EXP 	text_stress_screen: autoDraw = False
43.2040 	EXP 	text_stress_screen_title: autoDraw = False
43.2040 	EXP 	text_stress_screen: autoDraw = False
43.2040 	EXP 	text_blank_screen: autoDraw = True
43.7046 	EXP 	text_blank_screen: autoDraw = False
43.7046 	EXP 	text_blank_screen: autoDraw = False
43.7630 	EXP 	window1: mouseVisible = True
