4.7430 	EXP 	Created window1 = Window(allowGUI=False, allowStencil=False, args=UNKNOWN, autoLog=True, bitsMode=UNKNOWN, blendMode='avg', color=array([0.85, 0.85, 0.85]), colorSpace='rgb', fullscr=<method-wrapper '__getattribute__' of attributeSetter object at 0x0000020109144908>, gamma=None, kwargs=UNKNOWN, lms=UNKNOWN, monitor=<psychopy.monitors.calibTools.Monitor object at 0x000002010919E668>, multiSample=False, name='window1', numSamples=2, pos=[0.0, 0.0], screen=0, size=array([1920, 1080]), stereo=False, units='height', useFBO=True, useRetina=False, viewOri=0.0, viewPos=None, viewScale=None, waitBlanking=True, winType='pyglet')
4.7430 	EXP 	window1: recordFrameIntervals = False
4.8101 	EXP 	window1: recordFrameIntervals = True
4.8844 	EXP 	window1: recordFrameIntervals = False
5.2647 	EXP 	Created text_welcome_screen = TextStim(__class__=<class 'psychopy.visual.text.TextStim'>, alignHoriz='center', alignVert='center', antialias=True, autoLog=True, bold=False, color='black', colorSpace='named', contrast=1.0, depth=0.0, flipHoriz=False, flipVert=False, font='Arial', fontFiles=[], height=0.1, italic=False, languageStyle='LTR', name='text_welcome_screen', opacity=1.0, ori=0, pos=array([0., 0.]), rgb=array([0., 0., 0.]), text='Welcome to the    Experiment\n\n\n', units='height', win=Window(...), wrapWidth=1)
5.2808 	EXP 	Created text_instructions_welcome_screen = TextStim(__class__=<class 'psychopy.visual.text.TextStim'>, alignHoriz='center', alignVert='center', antialias=True, autoLog=True, bold=False, color='black', colorSpace='named', contrast=1.0, depth=-2.0, flipHoriz=False, flipVert=False, font='Arial', fontFiles=[], height=0.07, italic=False, languageStyle='LTR', name='text_instructions_welcome_screen', opacity=1.0, ori=0, pos=array([0. , 0.5]), rgb=array([0., 0., 0.]), text="(Press 'Space' to continue)", units='height', win=Window(...), wrapWidth=1)
5.3106 	EXP 	text_welcome_screen: autoDraw = True
5.3106 	EXP 	text_instructions_welcome_screen: autoDraw = True
14.6251 	DATA 	Mouse: Left button down, pos=(1405,681)
14.7001 	DATA 	Mouse:  Left button up, pos=(1404,683)
15.0646 	DATA 	Keypress: space
15.0736 	EXP 	text_welcome_screen: autoDraw = False
15.0736 	EXP 	text_instructions_welcome_screen: autoDraw = False
15.1373 	EXP 	window1: mouseVisible = True
4.5318 	EXP 	Created window1 = Window(allowGUI=False, allowStencil=False, args=UNKNOWN, autoLog=True, bitsMode=UNKNOWN, blendMode='avg', color=array([0.85, 0.85, 0.85]), colorSpace='rgb', fullscr=<method-wrapper '__getattribute__' of attributeSetter object at 0x00000202575A3908>, gamma=None, kwargs=UNKNOWN, lms=UNKNOWN, monitor=<psychopy.monitors.calibTools.Monitor object at 0x00000202575FE668>, multiSample=False, name='window1', numSamples=2, pos=[0.0, 0.0], screen=0, size=array([1920, 1080]), stereo=False, units='height', useFBO=True, useRetina=False, viewOri=0.0, viewPos=None, viewScale=None, waitBlanking=True, winType='pyglet')
4.5318 	EXP 	window1: recordFrameIntervals = False
4.5992 	EXP 	window1: recordFrameIntervals = True
4.6732 	EXP 	window1: recordFrameIntervals = False
5.0532 	EXP 	Created text_welcome_screen = TextStim(__class__=<class 'psychopy.visual.text.TextStim'>, alignHoriz='center', alignVert='center', antialias=True, autoLog=True, bold=False, color='black', colorSpace='named', contrast=1.0, depth=0.0, flipHoriz=False, flipVert=False, font='Arial', fontFiles=[], height=0.1, italic=False, languageStyle='LTR', name='text_welcome_screen', opacity=1.0, ori=0, pos=array([0., 0.]), rgb=array([0., 0., 0.]), text='Welcome to the    Experiment\n\n\n', units='height', win=Window(...), wrapWidth=1)
5.0683 	EXP 	Created text_instructions_welcome_screen = TextStim(__class__=<class 'psychopy.visual.text.TextStim'>, alignHoriz='center', alignVert='center', antialias=True, autoLog=True, bold=False, color='black', colorSpace='named', contrast=1.0, depth=-2.0, flipHoriz=False, flipVert=False, font='Arial', fontFiles=[], height=0.04, italic=False, languageStyle='LTR', name='text_instructions_welcome_screen', opacity=1.0, ori=0, pos=array([ 0. , -0.5]), rgb=array([0., 0., 0.]), text="(Press 'Space' to continue)", units='height', win=Window(...), wrapWidth=1)
5.0965 	EXP 	text_welcome_screen: autoDraw = True
5.0965 	EXP 	text_instructions_welcome_screen: autoDraw = True
11.1381 	DATA 	Mouse: Left button down, pos=(1448,762)
11.2060 	DATA 	Mouse:  Left button up, pos=(1448,762)
11.9565 	DATA 	Keypress: space
11.9654 	EXP 	text_welcome_screen: autoDraw = False
11.9654 	EXP 	text_instructions_welcome_screen: autoDraw = False
12.0141 	EXP 	window1: mouseVisible = True
