5.5398 	EXP 	Created window1 = Window(allowGUI=False, allowStencil=False, args=UNKNOWN, autoLog=True, bitsMode=UNKNOWN, blendMode='avg', color=array([0.85, 0.85, 0.85]), colorSpace='rgb', fullscr=<method-wrapper '__getattribute__' of attributeSetter object at 0x000001B5C9B48748>, gamma=None, kwargs=UNKNOWN, lms=UNKNOWN, monitor=<psychopy.monitors.calibTools.Monitor object at 0x000001B5C9BD24A8>, multiSample=False, name='window1', numSamples=2, pos=[0.0, 0.0], screen=0, size=array([1920, 1080]), stereo=False, units='height', useFBO=True, useRetina=False, viewOri=0.0, viewPos=None, viewScale=None, waitBlanking=True, winType='pyglet')
5.5398 	EXP 	window1: recordFrameIntervals = False
5.6070 	EXP 	window1: recordFrameIntervals = True
5.6817 	EXP 	window1: recordFrameIntervals = False
6.0659 	EXP 	Created text_welcome_screen = TextStim(__class__=<class 'psychopy.visual.text.TextStim'>, alignHoriz='center', alignVert='center', antialias=True, autoLog=True, bold=False, color='black', colorSpace='named', contrast=1.0, depth=0.0, flipHoriz=False, flipVert=False, font='Arial', fontFiles=[], height=0.1, italic=False, languageStyle='LTR', name='text_welcome_screen', opacity=1.0, ori=0, pos=array([0., 0.]), rgb=array([0., 0., 0.]), text=str(...), units='height', win=Window(...), wrapWidth=1)
6.0774 	EXP 	Created text_instructions_welcome_screen = TextStim(__class__=<class 'psychopy.visual.text.TextStim'>, alignHoriz='center', alignVert='center', antialias=True, autoLog=True, bold=False, color='black', colorSpace='named', contrast=1.0, depth=-2.0, flipHoriz=False, flipVert=False, font='Arial', fontFiles=[], height=0.04, italic=False, languageStyle='LTR', name='text_instructions_welcome_screen', opacity=1.0, ori=0, pos=array([ 0. , -0.2]), rgb=array([0., 0., 0.]), text="(Press 'Space' to continue)", units='height', win=Window(...), wrapWidth=1)
6.0779 	EXP 	Created text_blank_screen = TextStim(__class__=<class 'psychopy.visual.text.TextStim'>, alignHoriz='center', alignVert='center', antialias=True, autoLog=True, bold=False, color='white', colorSpace='named', contrast=1.0, depth=0.0, flipHoriz=False, flipVert=False, font='Arial', fontFiles=[], height=0.1, italic=False, languageStyle='LTR', name='text_blank_screen', opacity=1.0, ori=0, pos=array([0., 0.]), rgb=array([255., 255., 255.]), text='', units='height', win=Window(...), wrapWidth=1)
6.0884 	EXP 	Created text_baseline_screen = TextStim(__class__=<class 'psychopy.visual.text.TextStim'>, alignHoriz='center', alignVert='center', antialias=True, autoLog=True, bold=False, color='black', colorSpace='named', contrast=1.0, depth=0.0, flipHoriz=False, flipVert=False, font='Arial', fontFiles=[], height=0.1, italic=False, languageStyle='LTR', name='text_baseline_screen', opacity=1.0, ori=0, pos=array([0., 0.]), rgb=array([0., 0., 0.]), text='    Baseline \nMeasurement', units='height', win=Window(...), wrapWidth=1)
6.0932 	EXP 	Created text_baseline_screen_title = TextStim(__class__=<class 'psychopy.visual.text.TextStim'>, alignHoriz='center', alignVert='center', antialias=True, autoLog=True, bold=False, color='black', colorSpace='named', contrast=1.0, depth=-1.0, flipHoriz=False, flipVert=False, font='Arial', fontFiles=[], height=0.04, italic=False, languageStyle='LTR', name='text_baseline_screen_title', opacity=1.0, ori=0, pos=array([0. , 0.2]), rgb=array([0., 0., 0.]), text='Segment One:', units='height', win=Window(...), wrapWidth=1)
6.0936 	EXP 	Created text_blank_screen = TextStim(__class__=<class 'psychopy.visual.text.TextStim'>, alignHoriz='center', alignVert='center', antialias=True, autoLog=True, bold=False, color='white', colorSpace='named', contrast=1.0, depth=0.0, flipHoriz=False, flipVert=False, font='Arial', fontFiles=[], height=0.1, italic=False, languageStyle='LTR', name='text_blank_screen', opacity=1.0, ori=0, pos=array([0., 0.]), rgb=array([255., 255., 255.]), text='', units='height', win=Window(...), wrapWidth=1)
6.1140 	EXP 	Created text_baseline_instructions = TextStim(__class__=<class 'psychopy.visual.text.TextStim'>, alignHoriz='center', alignVert='center', antialias=True, autoLog=True, bold=False, color='black', colorSpace='named', contrast=1.0, depth=0.0, flipHoriz=False, flipVert=False, font='Arial', fontFiles=[], height=0.1, italic=False, languageStyle='LTR', name='text_baseline_instructions', opacity=1.0, ori=0, pos=array([0., 0.]), rgb=array([0., 0., 0.]), text=str(...), units='height', win=Window(...), wrapWidth=1)
6.1210 	EXP 	Created text_baseline_countdown = TextStim(__class__=<class 'psychopy.visual.text.TextStim'>, alignHoriz='center', alignVert='center', antialias=True, autoLog=True, bold=False, color='black', colorSpace='named', contrast=1.0, depth=-1.0, flipHoriz=False, flipVert=False, font='Arial', fontFiles=[], height=0.1, italic=False, languageStyle='LTR', name='text_baseline_countdown', opacity=1.0, ori=0, pos=array([0., 0.]), rgb=array([0., 0., 0.]), text='default text', units='height', win=Window(...), wrapWidth=1)
6.1215 	EXP 	Created text_blank_screen = TextStim(__class__=<class 'psychopy.visual.text.TextStim'>, alignHoriz='center', alignVert='center', antialias=True, autoLog=True, bold=False, color='white', colorSpace='named', contrast=1.0, depth=0.0, flipHoriz=False, flipVert=False, font='Arial', fontFiles=[], height=0.1, italic=False, languageStyle='LTR', name='text_blank_screen', opacity=1.0, ori=0, pos=array([0., 0.]), rgb=array([255., 255., 255.]), text='', units='height', win=Window(...), wrapWidth=1)
6.1219 	EXP 	Created text_blank_screen = TextStim(__class__=<class 'psychopy.visual.text.TextStim'>, alignHoriz='center', alignVert='center', antialias=True, autoLog=True, bold=False, color='white', colorSpace='named', contrast=1.0, depth=0.0, flipHoriz=False, flipVert=False, font='Arial', fontFiles=[], height=0.1, italic=False, languageStyle='LTR', name='text_blank_screen', opacity=1.0, ori=0, pos=array([0., 0.]), rgb=array([255., 255., 255.]), text='', units='height', win=Window(...), wrapWidth=1)
6.1223 	EXP 	Created text_blank_screen = TextStim(__class__=<class 'psychopy.visual.text.TextStim'>, alignHoriz='center', alignVert='center', antialias=True, autoLog=True, bold=False, color='white', colorSpace='named', contrast=1.0, depth=0.0, flipHoriz=False, flipVert=False, font='Arial', fontFiles=[], height=0.1, italic=False, languageStyle='LTR', name='text_blank_screen', opacity=1.0, ori=0, pos=array([0., 0.]), rgb=array([255., 255., 255.]), text='', units='height', win=Window(...), wrapWidth=1)
6.2485 	EXP 	text_welcome_screen: autoDraw = True
6.2485 	EXP 	text_instructions_welcome_screen: autoDraw = True
7.5666 	DATA 	Keypress: space
7.5673 	EXP 	text_welcome_screen: autoDraw = False
7.5673 	EXP 	text_instructions_welcome_screen: autoDraw = False
7.5673 	EXP 	text_blank_screen: autoDraw = True
8.0668 	EXP 	text_blank_screen: autoDraw = False
8.0668 	EXP 	text_blank_screen: autoDraw = False
8.0668 	EXP 	text_baseline_screen: autoDraw = True
8.0668 	EXP 	text_baseline_screen_title: autoDraw = True
13.0654 	EXP 	text_baseline_screen: autoDraw = False
13.0654 	EXP 	text_baseline_screen_title: autoDraw = False
13.0654 	EXP 	text_baseline_screen: autoDraw = False
13.0654 	EXP 	text_baseline_screen_title: autoDraw = False
13.0654 	EXP 	text_blank_screen: autoDraw = True
13.5653 	EXP 	text_blank_screen: autoDraw = False
13.5653 	EXP 	text_blank_screen: autoDraw = False
13.5653 	EXP 	text_baseline_instructions: autoDraw = True
19.5631 	EXP 	text_baseline_instructions: autoDraw = False
20.0736 	EXP 	text_baseline_countdown: autoDraw = True
30.0627 	EXP 	text_baseline_countdown: autoDraw = False
30.0627 	EXP 	text_baseline_instructions: autoDraw = False
30.0627 	EXP 	text_baseline_countdown: autoDraw = False
30.0627 	EXP 	text_blank_screen: autoDraw = True
30.5626 	EXP 	text_blank_screen: autoDraw = False
30.5626 	EXP 	text_blank_screen: autoDraw = False
30.5626 	EXP 	text_blank_screen: autoDraw = True
31.0669 	EXP 	text_blank_screen: autoDraw = False
31.0669 	EXP 	text_blank_screen: autoDraw = True
31.5673 	EXP 	text_blank_screen: autoDraw = False
31.5673 	EXP 	text_blank_screen: autoDraw = False
31.6348 	EXP 	window1: mouseVisible = True
