14.4912 	EXP 	Created window1 = Window(allowGUI=True, allowStencil=False, args=UNKNOWN, autoLog=True, bitsMode=UNKNOWN, blendMode='avg', color=array([0., 0., 0.]), colorSpace='rgb', fullscr=<method-wrapper '__getattribute__' of attributeSetter object at 0x0000024CF50881D0>, gamma=None, kwargs=UNKNOWN, lms=UNKNOWN, monitor=<psychopy.monitors.calibTools.Monitor object at 0x0000024CF5092390>, multiSample=False, name='window1', numSamples=2, pos=[0.0, 0.0], screen=0, size=array([1920, 1080]), stereo=False, units='height', useFBO=True, useRetina=False, viewOri=0.0, viewPos=None, viewScale=None, waitBlanking=True, winType='pyglet')
14.4913 	EXP 	window1: recordFrameIntervals = False
14.6572 	EXP 	window1: recordFrameIntervals = True
14.8406 	EXP 	window1: recordFrameIntervals = False
15.3427 	EXP 	Created text_welcome_screen = TextStim(__class__=<class 'psychopy.visual.text.TextStim'>, alignHoriz='center', alignVert='center', antialias=True, autoLog=True, bold=False, color='white', colorSpace='named', contrast=1.0, depth=0.0, flipHoriz=False, flipVert=False, font='Arial', fontFiles=[], height=0.1, italic=False, languageStyle='LTR', name='text_welcome_screen', opacity=1.0, ori=0, pos=array([0. , 0.1]), rgb=array([255., 255., 255.]), text='  Welcome \n     to the \nExperiment', units='height', win=Window(...), wrapWidth=1)
15.3659 	EXP 	Created text_welcome_screen_continue = TextStim(__class__=<class 'psychopy.visual.text.TextStim'>, alignHoriz='center', alignVert='center', antialias=True, autoLog=True, bold=False, color='white', colorSpace='named', contrast=1.0, depth=-1.0, flipHoriz=False, flipVert=False, font='Arial', fontFiles=[], height=0.04, italic=False, languageStyle='LTR', name='text_welcome_screen_continue', opacity=1.0, ori=0, pos=array([ 0. , -0.3]), rgb=array([255., 255., 255.]), text="(Press 'SPACE' to continue)", units='height', win=Window(...), wrapWidth=1)
15.3666 	EXP 	Created text_blank_screen = TextStim(__class__=<class 'psychopy.visual.text.TextStim'>, alignHoriz='center', alignVert='center', antialias=True, autoLog=True, bold=False, color='white', colorSpace='named', contrast=1.0, depth=0.0, flipHoriz=False, flipVert=False, font='Arial', fontFiles=[], height=0.1, italic=False, languageStyle='LTR', name='text_blank_screen', opacity=1.0, ori=0, pos=array([0., 0.]), rgb=array([255., 255., 255.]), text='', units='height', win=Window(...), wrapWidth=1)
15.3869 	EXP 	Created text_baseline_screen = TextStim(__class__=<class 'psychopy.visual.text.TextStim'>, alignHoriz='center', alignVert='center', antialias=True, autoLog=True, bold=False, color='white', colorSpace='named', contrast=1.0, depth=0.0, flipHoriz=False, flipVert=False, font='Arial', fontFiles=[], height=0.1, italic=False, languageStyle='LTR', name='text_baseline_screen', opacity=1.0, ori=0, pos=array([0., 0.]), rgb=array([255., 255., 255.]), text='    Baseline \nMeasurement', units='height', win=Window(...), wrapWidth=1)
15.3949 	EXP 	Created text_baseline_screen_title = TextStim(__class__=<class 'psychopy.visual.text.TextStim'>, alignHoriz='center', alignVert='center', antialias=True, autoLog=True, bold=False, color='white', colorSpace='named', contrast=1.0, depth=-1.0, flipHoriz=False, flipVert=False, font='Arial', fontFiles=[], height=0.04, italic=False, languageStyle='LTR', name='text_baseline_screen_title', opacity=1.0, ori=0, pos=array([0. , 0.2]), rgb=array([255., 255., 255.]), text='Session One:', units='height', win=Window(...), wrapWidth=1)
15.3956 	EXP 	Created text_blank_screen = TextStim(__class__=<class 'psychopy.visual.text.TextStim'>, alignHoriz='center', alignVert='center', antialias=True, autoLog=True, bold=False, color='white', colorSpace='named', contrast=1.0, depth=0.0, flipHoriz=False, flipVert=False, font='Arial', fontFiles=[], height=0.1, italic=False, languageStyle='LTR', name='text_blank_screen', opacity=1.0, ori=0, pos=array([0., 0.]), rgb=array([255., 255., 255.]), text='', units='height', win=Window(...), wrapWidth=1)
15.4018 	EXP 	Created text_baseline_instructions_title = TextStim(__class__=<class 'psychopy.visual.text.TextStim'>, alignHoriz='center', alignVert='center', antialias=True, autoLog=True, bold=False, color='white', colorSpace='named', contrast=1.0, depth=0.0, flipHoriz=False, flipVert=False, font='Arial', fontFiles=[], height=0.04, italic=False, languageStyle='LTR', name='text_baseline_instructions_title', opacity=1.0, ori=0, pos=array([0. , 0.3]), rgb=array([255., 255., 255.]), text='Instructions:', units='height', win=Window(...), wrapWidth=1)
15.4406 	EXP 	Created text_baseline_instructions = TextStim(__class__=<class 'psychopy.visual.text.TextStim'>, alignHoriz='center', alignVert='center', antialias=True, autoLog=True, bold=False, color='white', colorSpace='named', contrast=1.0, depth=-1.0, flipHoriz=False, flipVert=False, font='Arial', fontFiles=[], height=0.05, italic=False, languageStyle='LTR', name='text_baseline_instructions', opacity=1.0, ori=0, pos=array([0., 0.]), rgb=array([255., 255., 255.]), text=str(...), units='height', win=Window(...), wrapWidth=1)
15.4414 	EXP 	Created text_blank_screen = TextStim(__class__=<class 'psychopy.visual.text.TextStim'>, alignHoriz='center', alignVert='center', antialias=True, autoLog=True, bold=False, color='white', colorSpace='named', contrast=1.0, depth=0.0, flipHoriz=False, flipVert=False, font='Arial', fontFiles=[], height=0.1, italic=False, languageStyle='LTR', name='text_blank_screen', opacity=1.0, ori=0, pos=array([0., 0.]), rgb=array([255., 255., 255.]), text='', units='height', win=Window(...), wrapWidth=1)
15.4960 	EXP 	Created text_countdown = TextStim(__class__=<class 'psychopy.visual.text.TextStim'>, alignHoriz='center', alignVert='center', antialias=True, autoLog=True, bold=False, color='white', colorSpace='named', contrast=1.0, depth=0.0, flipHoriz=False, flipVert=False, font='Arial', fontFiles=[], height=0.2, italic=False, languageStyle='LTR', name='text_countdown', opacity=1.0, ori=0, pos=array([0., 0.]), rgb=array([255., 255., 255.]), text='default text', units='height', win=Window(...), wrapWidth=1)
15.4967 	EXP 	Created text_blank_screen = TextStim(__class__=<class 'psychopy.visual.text.TextStim'>, alignHoriz='center', alignVert='center', antialias=True, autoLog=True, bold=False, color='white', colorSpace='named', contrast=1.0, depth=0.0, flipHoriz=False, flipVert=False, font='Arial', fontFiles=[], height=0.1, italic=False, languageStyle='LTR', name='text_blank_screen', opacity=1.0, ori=0, pos=array([0., 0.]), rgb=array([255., 255., 255.]), text='', units='height', win=Window(...), wrapWidth=1)
15.5681 	EXP 	Created text_baseline_measurement = TextStim(__class__=<class 'psychopy.visual.text.TextStim'>, alignHoriz='center', alignVert='center', antialias=True, autoLog=True, bold=False, color='white', colorSpace='named', contrast=1.0, depth=0.0, flipHoriz=False, flipVert=False, font='Arial', fontFiles=[], height=0.4, italic=False, languageStyle='LTR', name='text_baseline_measurement', opacity=1.0, ori=0, pos=array([0., 0.]), rgb=array([255., 255., 255.]), text='+', units='height', win=Window(...), wrapWidth=1)
15.5689 	EXP 	Created text_blank_screen = TextStim(__class__=<class 'psychopy.visual.text.TextStim'>, alignHoriz='center', alignVert='center', antialias=True, autoLog=True, bold=False, color='white', colorSpace='named', contrast=1.0, depth=0.0, flipHoriz=False, flipVert=False, font='Arial', fontFiles=[], height=0.1, italic=False, languageStyle='LTR', name='text_blank_screen', opacity=1.0, ori=0, pos=array([0., 0.]), rgb=array([255., 255., 255.]), text='', units='height', win=Window(...), wrapWidth=1)
15.5815 	EXP 	Created text_baseline_evaluation_title = TextStim(__class__=<class 'psychopy.visual.text.TextStim'>, alignHoriz='center', alignVert='center', antialias=True, autoLog=True, bold=False, color='white', colorSpace='named', contrast=1.0, depth=0.0, flipHoriz=False, flipVert=False, font='Arial', fontFiles=[], height=0.04, italic=False, languageStyle='LTR', name='text_baseline_evaluation_title', opacity=1.0, ori=0, pos=array([0. , 0.3]), rgb=array([255., 255., 255.]), text='Task finished:', units='height', win=Window(...), wrapWidth=1)
15.5933 	EXP 	Created text_baseline_evaluation = TextStim(__class__=<class 'psychopy.visual.text.TextStim'>, alignHoriz='center', alignVert='center', antialias=True, autoLog=True, bold=False, color='white', colorSpace='named', contrast=1.0, depth=-1.0, flipHoriz=False, flipVert=False, font='Arial', fontFiles=[], height=0.05, italic=False, languageStyle='LTR', name='text_baseline_evaluation', opacity=1.0, ori=0, pos=array([0., 0.]), rgb=array([255., 255., 255.]), text='Please rate your current stress level.', units='height', win=Window(...), wrapWidth=1)
15.6569 	EXP 	Created rating_baseline = RatingScale(__class__=type(...), acceptKeys=['return'], acceptPreText=UNKNOWN, acceptSize=UNKNOWN, acceptText='accept?', autoLog=True, choices=False, depth=0, disappear=False, flipVert=False, high=10, kwargs=UNKNOWN, labels=list(...), leftKeys=['left'], lineColor='White', low=1, marker=ShapeStim(...), markerColor='DarkBlue', markerExpansion=UNKNOWN, markerStart=5.0, maxTime=0.0, minTime=0.4, mouseOnly=False, name='rating_baseline', noMouse=False, pos=[0.0, -0.4], precision=1, respKeys=[], rightKeys=['right'], scale='', self=UNKNOWN, showAccept=True, showValue=True, singleClick=False, size=0.6, skipKeys=['tab'], stretch=1.0, textColor='LightGray', textFont='Helvetica Bold', textSize=0.12, tickHeight=1.0, tickMarks=9.0, win=Window(...))
15.6576 	EXP 	Created text_blank_screen = TextStim(__class__=<class 'psychopy.visual.text.TextStim'>, alignHoriz='center', alignVert='center', antialias=True, autoLog=True, bold=False, color='white', colorSpace='named', contrast=1.0, depth=0.0, flipHoriz=False, flipVert=False, font='Arial', fontFiles=[], height=0.1, italic=False, languageStyle='LTR', name='text_blank_screen', opacity=1.0, ori=0, pos=array([0., 0.]), rgb=array([255., 255., 255.]), text='', units='height', win=Window(...), wrapWidth=1)
15.6801 	EXP 	Created text_baseline_end = TextStim(__class__=<class 'psychopy.visual.text.TextStim'>, alignHoriz='center', alignVert='center', antialias=True, autoLog=True, bold=False, color='white', colorSpace='named', contrast=1.0, depth=0.0, flipHoriz=False, flipVert=False, font='Arial', fontFiles=[], height=0.1, italic=False, languageStyle='LTR', name='text_baseline_end', opacity=1.0, ori=0, pos=array([0. , 0.1]), rgb=array([255., 255., 255.]), text='Ending Session One.', units='height', win=Window(...), wrapWidth=1)
15.6892 	EXP 	Created text_baseline_end_instructions = TextStim(__class__=<class 'psychopy.visual.text.TextStim'>, alignHoriz='center', alignVert='center', antialias=True, autoLog=True, bold=False, color='white', colorSpace='named', contrast=1.0, depth=-1.0, flipHoriz=False, flipVert=False, font='Arial', fontFiles=[], height=0.04, italic=False, languageStyle='LTR', name='text_baseline_end_instructions', opacity=1.0, ori=0, pos=array([ 0. , -0.3]), rgb=array([255., 255., 255.]), text="(Press 'SPACE' to exit)", units='height', win=Window(...), wrapWidth=1)
15.7228 	EXP 	rating_baseline: flipVert = False
15.7228 	EXP 	rating_baseline: autoLog = True
15.7228 	EXP 	text_welcome_screen: autoDraw = True
15.7228 	EXP 	text_welcome_screen_continue: autoDraw = True
18.1933 	DATA 	Keypress: space
18.2042 	EXP 	text_welcome_screen: autoDraw = False
18.2042 	EXP 	text_welcome_screen_continue: autoDraw = False
18.2042 	EXP 	text_blank_screen: autoDraw = True
18.7037 	EXP 	text_blank_screen: autoDraw = False
18.7037 	EXP 	text_blank_screen: autoDraw = False
18.7037 	EXP 	text_baseline_screen: autoDraw = True
18.7037 	EXP 	text_baseline_screen_title: autoDraw = True
23.7000 	EXP 	text_baseline_screen: autoDraw = False
23.7000 	EXP 	text_baseline_screen_title: autoDraw = False
23.7000 	EXP 	text_baseline_screen: autoDraw = False
23.7000 	EXP 	text_baseline_screen_title: autoDraw = False
23.7000 	EXP 	text_blank_screen: autoDraw = True
24.1998 	EXP 	text_blank_screen: autoDraw = False
24.1998 	EXP 	text_blank_screen: autoDraw = False
24.1998 	EXP 	text_baseline_instructions_title: autoDraw = True
24.1998 	EXP 	text_baseline_instructions: autoDraw = True
52.4151 	DATA 	Keypress: space
52.4263 	EXP 	text_baseline_instructions_title: autoDraw = False
52.4263 	EXP 	text_baseline_instructions: autoDraw = False
52.4263 	EXP 	text_blank_screen: autoDraw = True
52.9389 	EXP 	text_blank_screen: autoDraw = False
52.9389 	EXP 	text_blank_screen: autoDraw = False
52.9389 	EXP 	text_countdown: autoDraw = True
62.9178 	EXP 	text_countdown: autoDraw = False
62.9178 	EXP 	text_countdown: autoDraw = False
62.9178 	EXP 	text_blank_screen: autoDraw = True
63.4173 	EXP 	text_blank_screen: autoDraw = False
63.4173 	EXP 	text_blank_screen: autoDraw = False
63.4173 	EXP 	text_baseline_measurement: autoDraw = True
363.4207 	EXP 	text_baseline_measurement: autoDraw = False
363.4207 	EXP 	text_baseline_measurement: autoDraw = False
363.4207 	EXP 	text_blank_screen: autoDraw = True
363.9066 	EXP 	RatingScale rating_baseline: reset()
363.9250 	EXP 	text_blank_screen: autoDraw = False
363.9250 	EXP 	text_blank_screen: autoDraw = False
363.9250 	EXP 	text_baseline_evaluation_title: autoDraw = True
363.9250 	EXP 	text_baseline_evaluation: autoDraw = True
363.9250 	EXP 	rating_baseline: autoDraw = True
374.2655 	DATA 	Mouse: Left button down, pos=(656,345)
374.2997 	DATA 	Mouse:  Left button up, pos=(656,345)
375.3817 	DATA 	Mouse: Left button down, pos=(984,216)
375.3819 	DATA 	RatingScale rating_baseline: (mouse response) rating=1
375.3819 	DATA 	RatingScale rating_baseline: rating RT=11.473
375.3820 	DATA 	RatingScale rating_baseline: history=[(5.0, 0.0), (1, 10.357), (1, 11.473)]
375.4108 	EXP 	text_baseline_evaluation_title: autoDraw = False
375.4108 	EXP 	text_baseline_evaluation: autoDraw = False
375.4108 	EXP 	rating_baseline: autoDraw = False
375.4108 	EXP 	text_blank_screen: autoDraw = True
375.4635 	DATA 	Mouse:  Left button up, pos=(984,216)
375.9104 	EXP 	text_blank_screen: autoDraw = False
375.9104 	EXP 	text_blank_screen: autoDraw = False
375.9104 	EXP 	text_baseline_end: autoDraw = True
375.9104 	EXP 	text_baseline_end_instructions: autoDraw = True
377.2630 	DATA 	Keypress: space
377.2760 	EXP 	text_baseline_end: autoDraw = False
377.2760 	EXP 	text_baseline_end_instructions: autoDraw = False
377.4505 	EXP 	window1: mouseVisible = True
