10.8433 	EXP 	Created window1 = Window(allowGUI=True, allowStencil=False, args=UNKNOWN, autoLog=True, bitsMode=UNKNOWN, blendMode='avg', color=array([0., 0., 0.]), colorSpace='rgb', fullscr=<method-wrapper '__getattribute__' of attributeSetter object at 0x000001967ACD7D30>, gamma=None, gammaErrorPolicy='raise', kwargs=UNKNOWN, lms=UNKNOWN, monitor=<psychopy.monitors.calibTools.Monitor object at 0x000001967AEA83C8>, multiSample=False, name='window1', numSamples=2, pos=[0.0, 0.0], screen=0, size=array([1920, 1080]), stereo=False, units='height', useFBO=True, useRetina=False, viewOri=0.0, viewPos=None, viewScale=None, waitBlanking=True, winType='pyglet')
10.8434 	EXP 	window1: recordFrameIntervals = False
11.0080 	EXP 	window1: recordFrameIntervals = True
11.1921 	EXP 	window1: recordFrameIntervals = False
11.5539 	EXP 	Created text_welcome_screen = TextStim(__class__=<class 'psychopy.visual.text.TextStim'>, alignHoriz='center', alignVert='center', antialias=True, autoLog=True, bold=False, color='white', colorSpace='named', contrast=1.0, depth=0.0, flipHoriz=False, flipVert=False, font='Arial', fontFiles=[], height=0.1, italic=False, languageStyle='LTR', name='text_welcome_screen', opacity=1.0, ori=0, pos=array([0. , 0.1]), rgb=array([255., 255., 255.]), text='  Welcome \n     to the \nExperiment', units='height', win=Window(...), wrapWidth=1)
11.5722 	EXP 	Created text_welcome_screen_continue = TextStim(__class__=<class 'psychopy.visual.text.TextStim'>, alignHoriz='center', alignVert='center', antialias=True, autoLog=True, bold=False, color='white', colorSpace='named', contrast=1.0, depth=-1.0, flipHoriz=False, flipVert=False, font='Arial', fontFiles=[], height=0.04, italic=False, languageStyle='LTR', name='text_welcome_screen_continue', opacity=1.0, ori=0, pos=array([ 0. , -0.3]), rgb=array([255., 255., 255.]), text="(Press 'SPACE' to continue)", units='height', win=Window(...), wrapWidth=1)
11.5727 	EXP 	Created text_blank_screen = TextStim(__class__=<class 'psychopy.visual.text.TextStim'>, alignHoriz='center', alignVert='center', antialias=True, autoLog=True, bold=False, color='white', colorSpace='named', contrast=1.0, depth=0.0, flipHoriz=False, flipVert=False, font='Arial', fontFiles=[], height=0.1, italic=False, languageStyle='LTR', name='text_blank_screen', opacity=1.0, ori=0, pos=array([0., 0.]), rgb=array([255., 255., 255.]), text='', units='height', win=Window(...), wrapWidth=1)
11.5864 	EXP 	Created text_baseline_screen = TextStim(__class__=<class 'psychopy.visual.text.TextStim'>, alignHoriz='center', alignVert='center', antialias=True, autoLog=True, bold=False, color='white', colorSpace='named', contrast=1.0, depth=0.0, flipHoriz=False, flipVert=False, font='Arial', fontFiles=[], height=0.1, italic=False, languageStyle='LTR', name='text_baseline_screen', opacity=1.0, ori=0, pos=array([0., 0.]), rgb=array([255., 255., 255.]), text='    Baseline \nMeasurement', units='height', win=Window(...), wrapWidth=1)
11.5920 	EXP 	Created text_baseline_screen_title = TextStim(__class__=<class 'psychopy.visual.text.TextStim'>, alignHoriz='center', alignVert='center', antialias=True, autoLog=True, bold=False, color='white', colorSpace='named', contrast=1.0, depth=-1.0, flipHoriz=False, flipVert=False, font='Arial', fontFiles=[], height=0.04, italic=False, languageStyle='LTR', name='text_baseline_screen_title', opacity=1.0, ori=0, pos=array([0. , 0.2]), rgb=array([255., 255., 255.]), text='Session One:', units='height', win=Window(...), wrapWidth=1)
11.5925 	EXP 	Created text_blank_screen = TextStim(__class__=<class 'psychopy.visual.text.TextStim'>, alignHoriz='center', alignVert='center', antialias=True, autoLog=True, bold=False, color='white', colorSpace='named', contrast=1.0, depth=0.0, flipHoriz=False, flipVert=False, font='Arial', fontFiles=[], height=0.1, italic=False, languageStyle='LTR', name='text_blank_screen', opacity=1.0, ori=0, pos=array([0., 0.]), rgb=array([255., 255., 255.]), text='', units='height', win=Window(...), wrapWidth=1)
11.5968 	EXP 	Created text_baseline_instructions_title = TextStim(__class__=<class 'psychopy.visual.text.TextStim'>, alignHoriz='center', alignVert='center', antialias=True, autoLog=True, bold=False, color='white', colorSpace='named', contrast=1.0, depth=0.0, flipHoriz=False, flipVert=False, font='Arial', fontFiles=[], height=0.04, italic=False, languageStyle='LTR', name='text_baseline_instructions_title', opacity=1.0, ori=0, pos=array([0. , 0.3]), rgb=array([255., 255., 255.]), text='Instructions:', units='height', win=Window(...), wrapWidth=1)
11.6245 	EXP 	Created text_baseline_instructions = TextStim(__class__=<class 'psychopy.visual.text.TextStim'>, alignHoriz='center', alignVert='center', antialias=True, autoLog=True, bold=False, color='white', colorSpace='named', contrast=1.0, depth=-1.0, flipHoriz=False, flipVert=False, font='Arial', fontFiles=[], height=0.05, italic=False, languageStyle='LTR', name='text_baseline_instructions', opacity=1.0, ori=0, pos=array([0., 0.]), rgb=array([255., 255., 255.]), text=str(...), units='height', win=Window(...), wrapWidth=1)
11.6250 	EXP 	Created text_blank_screen = TextStim(__class__=<class 'psychopy.visual.text.TextStim'>, alignHoriz='center', alignVert='center', antialias=True, autoLog=True, bold=False, color='white', colorSpace='named', contrast=1.0, depth=0.0, flipHoriz=False, flipVert=False, font='Arial', fontFiles=[], height=0.1, italic=False, languageStyle='LTR', name='text_blank_screen', opacity=1.0, ori=0, pos=array([0., 0.]), rgb=array([255., 255., 255.]), text='', units='height', win=Window(...), wrapWidth=1)
11.6613 	EXP 	Created text_countdown = TextStim(__class__=<class 'psychopy.visual.text.TextStim'>, alignHoriz='center', alignVert='center', antialias=True, autoLog=True, bold=False, color='white', colorSpace='named', contrast=1.0, depth=0.0, flipHoriz=False, flipVert=False, font='Arial', fontFiles=[], height=0.2, italic=False, languageStyle='LTR', name='text_countdown', opacity=1.0, ori=0, pos=array([0., 0.]), rgb=array([255., 255., 255.]), text='default text', units='height', win=Window(...), wrapWidth=1)
11.6618 	EXP 	Created text_blank_screen = TextStim(__class__=<class 'psychopy.visual.text.TextStim'>, alignHoriz='center', alignVert='center', antialias=True, autoLog=True, bold=False, color='white', colorSpace='named', contrast=1.0, depth=0.0, flipHoriz=False, flipVert=False, font='Arial', fontFiles=[], height=0.1, italic=False, languageStyle='LTR', name='text_blank_screen', opacity=1.0, ori=0, pos=array([0., 0.]), rgb=array([255., 255., 255.]), text='', units='height', win=Window(...), wrapWidth=1)
11.7076 	EXP 	Created text_baseline_measurement = TextStim(__class__=<class 'psychopy.visual.text.TextStim'>, alignHoriz='center', alignVert='center', antialias=True, autoLog=True, bold=False, color='white', colorSpace='named', contrast=1.0, depth=0.0, flipHoriz=False, flipVert=False, font='Arial', fontFiles=[], height=0.4, italic=False, languageStyle='LTR', name='text_baseline_measurement', opacity=1.0, ori=0, pos=array([0., 0.]), rgb=array([255., 255., 255.]), text='+', units='height', win=Window(...), wrapWidth=1)
11.7081 	EXP 	Created text_blank_screen = TextStim(__class__=<class 'psychopy.visual.text.TextStim'>, alignHoriz='center', alignVert='center', antialias=True, autoLog=True, bold=False, color='white', colorSpace='named', contrast=1.0, depth=0.0, flipHoriz=False, flipVert=False, font='Arial', fontFiles=[], height=0.1, italic=False, languageStyle='LTR', name='text_blank_screen', opacity=1.0, ori=0, pos=array([0., 0.]), rgb=array([255., 255., 255.]), text='', units='height', win=Window(...), wrapWidth=1)
11.7171 	EXP 	Created text_baseline_evaluation_title = TextStim(__class__=<class 'psychopy.visual.text.TextStim'>, alignHoriz='center', alignVert='center', antialias=True, autoLog=True, bold=False, color='white', colorSpace='named', contrast=1.0, depth=0.0, flipHoriz=False, flipVert=False, font='Arial', fontFiles=[], height=0.04, italic=False, languageStyle='LTR', name='text_baseline_evaluation_title', opacity=1.0, ori=0, pos=array([0. , 0.3]), rgb=array([255., 255., 255.]), text='Task finished:', units='height', win=Window(...), wrapWidth=1)
11.7255 	EXP 	Created text_baseline_evaluation = TextStim(__class__=<class 'psychopy.visual.text.TextStim'>, alignHoriz='center', alignVert='center', antialias=True, autoLog=True, bold=False, color='white', colorSpace='named', contrast=1.0, depth=-1.0, flipHoriz=False, flipVert=False, font='Arial', fontFiles=[], height=0.05, italic=False, languageStyle='LTR', name='text_baseline_evaluation', opacity=1.0, ori=0, pos=array([0., 0.]), rgb=array([255., 255., 255.]), text='Please rate your current stress level.', units='height', win=Window(...), wrapWidth=1)
11.7866 	EXP 	Created rating_baseline = RatingScale(__class__=type(...), acceptKeys=['return'], acceptPreText=UNKNOWN, acceptSize=UNKNOWN, acceptText='accept?', autoLog=True, choices=False, depth=0, disappear=False, flipVert=False, high=10, kwargs=UNKNOWN, labels=list(...), leftKeys=['left'], lineColor='White', low=1, marker=ShapeStim(...), markerColor='DarkBlue', markerExpansion=UNKNOWN, markerStart=5.0, maxTime=0.0, minTime=0.4, mouseOnly=False, name='rating_baseline', noMouse=False, pos=[0.0, -0.4], precision=1, respKeys=[], rightKeys=['right'], scale='', self=UNKNOWN, showAccept=True, showValue=True, singleClick=False, size=0.6, skipKeys=['tab'], stretch=1.0, textColor='LightGray', textFont='Helvetica Bold', textSize=0.12, tickHeight=1.0, tickMarks=9.0, win=Window(...))
11.7871 	EXP 	Created text_blank_screen = TextStim(__class__=<class 'psychopy.visual.text.TextStim'>, alignHoriz='center', alignVert='center', antialias=True, autoLog=True, bold=False, color='white', colorSpace='named', contrast=1.0, depth=0.0, flipHoriz=False, flipVert=False, font='Arial', fontFiles=[], height=0.1, italic=False, languageStyle='LTR', name='text_blank_screen', opacity=1.0, ori=0, pos=array([0., 0.]), rgb=array([255., 255., 255.]), text='', units='height', win=Window(...), wrapWidth=1)
11.8026 	EXP 	Created text_baseline_end = TextStim(__class__=<class 'psychopy.visual.text.TextStim'>, alignHoriz='center', alignVert='center', antialias=True, autoLog=True, bold=False, color='white', colorSpace='named', contrast=1.0, depth=0.0, flipHoriz=False, flipVert=False, font='Arial', fontFiles=[], height=0.1, italic=False, languageStyle='LTR', name='text_baseline_end', opacity=1.0, ori=0, pos=array([0. , 0.1]), rgb=array([255., 255., 255.]), text='Ending Session One.', units='height', win=Window(...), wrapWidth=1)
11.8085 	EXP 	Created text_baseline_end_instructions = TextStim(__class__=<class 'psychopy.visual.text.TextStim'>, alignHoriz='center', alignVert='center', antialias=True, autoLog=True, bold=False, color='white', colorSpace='named', contrast=1.0, depth=-1.0, flipHoriz=False, flipVert=False, font='Arial', fontFiles=[], height=0.04, italic=False, languageStyle='LTR', name='text_baseline_end_instructions', opacity=1.0, ori=0, pos=array([ 0. , -0.3]), rgb=array([255., 255., 255.]), text="(Press 'SPACE' to exit)", units='height', win=Window(...), wrapWidth=1)
11.8498 	EXP 	rating_baseline: flipVert = False
11.8498 	EXP 	rating_baseline: autoLog = True
11.8498 	EXP 	text_welcome_screen: autoDraw = True
11.8498 	EXP 	text_welcome_screen_continue: autoDraw = True
17.7790 	DATA 	Keypress: space
17.7884 	EXP 	text_welcome_screen: autoDraw = False
17.7884 	EXP 	text_welcome_screen_continue: autoDraw = False
17.7884 	EXP 	text_blank_screen: autoDraw = True
18.2896 	EXP 	text_blank_screen: autoDraw = False
18.2896 	EXP 	text_blank_screen: autoDraw = False
18.2896 	EXP 	text_baseline_screen: autoDraw = True
18.2896 	EXP 	text_baseline_screen_title: autoDraw = True
23.3041 	EXP 	text_baseline_screen: autoDraw = False
23.3041 	EXP 	text_baseline_screen_title: autoDraw = False
23.3041 	EXP 	text_blank_screen: autoDraw = True
23.8049 	EXP 	text_blank_screen: autoDraw = False
23.8049 	EXP 	text_baseline_instructions_title: autoDraw = True
23.8049 	EXP 	text_baseline_instructions: autoDraw = True
84.5809 	DATA 	Keypress: space
84.5899 	EXP 	text_baseline_instructions_title: autoDraw = False
84.5899 	EXP 	text_baseline_instructions: autoDraw = False
84.5899 	EXP 	text_blank_screen: autoDraw = True
85.1170 	EXP 	text_blank_screen: autoDraw = False
85.1170 	EXP 	text_blank_screen: autoDraw = False
85.1170 	EXP 	text_countdown: autoDraw = True
95.1040 	EXP 	text_countdown: autoDraw = False
95.1040 	EXP 	text_blank_screen: autoDraw = True
95.6039 	EXP 	text_blank_screen: autoDraw = False
95.6039 	EXP 	text_baseline_measurement: autoDraw = True
395.5995 	EXP 	text_baseline_measurement: autoDraw = False
395.5995 	EXP 	text_blank_screen: autoDraw = True
396.0870 	EXP 	RatingScale rating_baseline: reset()
396.1121 	EXP 	text_blank_screen: autoDraw = False
396.1121 	EXP 	text_baseline_evaluation_title: autoDraw = True
396.1121 	EXP 	text_baseline_evaluation: autoDraw = True
396.1121 	EXP 	rating_baseline: autoDraw = True
420.5644 	DATA 	Mouse: Left button down, pos=(718,354)
420.6474 	DATA 	Mouse:  Left button up, pos=(718,354)
425.5442 	DATA 	Mouse: Left button down, pos=(955,204)
425.5443 	DATA 	RatingScale rating_baseline: (mouse response) rating=2
425.5443 	DATA 	RatingScale rating_baseline: rating RT=29.452
425.5444 	DATA 	RatingScale rating_baseline: history=[(5.0, 0.0), (2, 24.473), (2, 29.452)]
425.5743 	EXP 	text_baseline_evaluation_title: autoDraw = False
425.5743 	EXP 	text_baseline_evaluation: autoDraw = False
425.5743 	EXP 	rating_baseline: autoDraw = False
425.5743 	EXP 	text_blank_screen: autoDraw = True
425.6442 	DATA 	Mouse:  Left button up, pos=(955,204)
426.0769 	EXP 	text_blank_screen: autoDraw = False
426.0769 	EXP 	text_blank_screen: autoDraw = False
426.0769 	EXP 	text_baseline_end: autoDraw = True
426.0769 	EXP 	text_baseline_end_instructions: autoDraw = True
428.6626 	DATA 	Keypress: space
428.6906 	EXP 	text_baseline_end: autoDraw = False
428.6906 	EXP 	text_baseline_end_instructions: autoDraw = False
428.8658 	EXP 	window1: mouseVisible = True
