13.9352 	EXP 	Created window1 = Window(allowGUI=True, allowStencil=False, args=UNKNOWN, autoLog=True, bitsMode=UNKNOWN, blendMode='avg', color=array([0., 0., 0.]), colorSpace='rgb', fullscr=<method-wrapper '__getattribute__' of attributeSetter object at 0x0000025C38226D30>, gamma=None, gammaErrorPolicy='raise', kwargs=UNKNOWN, lms=UNKNOWN, monitor=<psychopy.monitors.calibTools.Monitor object at 0x0000025C383F83C8>, multiSample=False, name='window1', numSamples=2, pos=[0.0, 0.0], screen=0, size=array([1920, 1080]), stereo=False, units='height', useFBO=True, useRetina=False, viewOri=0.0, viewPos=None, viewScale=None, waitBlanking=True, winType='pyglet')
13.9353 	EXP 	window1: recordFrameIntervals = False
14.0996 	EXP 	window1: recordFrameIntervals = True
14.2835 	EXP 	window1: recordFrameIntervals = False
14.5344 	EXP 	Created text_welcome_screen = TextStim(__class__=<class 'psychopy.visual.text.TextStim'>, alignHoriz='center', alignVert='center', antialias=True, autoLog=True, bold=False, color='white', colorSpace='named', contrast=1.0, depth=0.0, flipHoriz=False, flipVert=False, font='Arial', fontFiles=[], height=0.1, italic=False, languageStyle='LTR', name='text_welcome_screen', opacity=1.0, ori=0, pos=array([0. , 0.1]), rgb=array([255., 255., 255.]), text='  Welcome \n     to the \nExperiment', units='height', win=Window(...), wrapWidth=1)
14.5505 	EXP 	Created text_welcome_screen_continue = TextStim(__class__=<class 'psychopy.visual.text.TextStim'>, alignHoriz='center', alignVert='center', antialias=True, autoLog=True, bold=False, color='white', colorSpace='named', contrast=1.0, depth=-1.0, flipHoriz=False, flipVert=False, font='Arial', fontFiles=[], height=0.04, italic=False, languageStyle='LTR', name='text_welcome_screen_continue', opacity=1.0, ori=0, pos=array([ 0. , -0.3]), rgb=array([255., 255., 255.]), text="(Press 'SPACE' to continue)", units='height', win=Window(...), wrapWidth=1)
14.5511 	EXP 	Created text_blank_screen = TextStim(__class__=<class 'psychopy.visual.text.TextStim'>, alignHoriz='center', alignVert='center', antialias=True, autoLog=True, bold=False, color='white', colorSpace='named', contrast=1.0, depth=0.0, flipHoriz=False, flipVert=False, font='Arial', fontFiles=[], height=0.1, italic=False, languageStyle='LTR', name='text_blank_screen', opacity=1.0, ori=0, pos=array([0., 0.]), rgb=array([255., 255., 255.]), text='', units='height', win=Window(...), wrapWidth=1)
14.5642 	EXP 	Created text_baseline_screen = TextStim(__class__=<class 'psychopy.visual.text.TextStim'>, alignHoriz='center', alignVert='center', antialias=True, autoLog=True, bold=False, color='white', colorSpace='named', contrast=1.0, depth=0.0, flipHoriz=False, flipVert=False, font='Arial', fontFiles=[], height=0.1, italic=False, languageStyle='LTR', name='text_baseline_screen', opacity=1.0, ori=0, pos=array([0., 0.]), rgb=array([255., 255., 255.]), text='    Baseline \nMeasurement', units='height', win=Window(...), wrapWidth=1)
14.5698 	EXP 	Created text_baseline_screen_title = TextStim(__class__=<class 'psychopy.visual.text.TextStim'>, alignHoriz='center', alignVert='center', antialias=True, autoLog=True, bold=False, color='white', colorSpace='named', contrast=1.0, depth=-1.0, flipHoriz=False, flipVert=False, font='Arial', fontFiles=[], height=0.04, italic=False, languageStyle='LTR', name='text_baseline_screen_title', opacity=1.0, ori=0, pos=array([0. , 0.2]), rgb=array([255., 255., 255.]), text='Session One:', units='height', win=Window(...), wrapWidth=1)
14.5702 	EXP 	Created text_blank_screen = TextStim(__class__=<class 'psychopy.visual.text.TextStim'>, alignHoriz='center', alignVert='center', antialias=True, autoLog=True, bold=False, color='white', colorSpace='named', contrast=1.0, depth=0.0, flipHoriz=False, flipVert=False, font='Arial', fontFiles=[], height=0.1, italic=False, languageStyle='LTR', name='text_blank_screen', opacity=1.0, ori=0, pos=array([0., 0.]), rgb=array([255., 255., 255.]), text='', units='height', win=Window(...), wrapWidth=1)
14.5747 	EXP 	Created text_baseline_instructions_title = TextStim(__class__=<class 'psychopy.visual.text.TextStim'>, alignHoriz='center', alignVert='center', antialias=True, autoLog=True, bold=False, color='white', colorSpace='named', contrast=1.0, depth=0.0, flipHoriz=False, flipVert=False, font='Arial', fontFiles=[], height=0.04, italic=False, languageStyle='LTR', name='text_baseline_instructions_title', opacity=1.0, ori=0, pos=array([0. , 0.3]), rgb=array([255., 255., 255.]), text='Instructions:', units='height', win=Window(...), wrapWidth=1)
14.6031 	EXP 	Created text_baseline_instructions = TextStim(__class__=<class 'psychopy.visual.text.TextStim'>, alignHoriz='center', alignVert='center', antialias=True, autoLog=True, bold=False, color='white', colorSpace='named', contrast=1.0, depth=-1.0, flipHoriz=False, flipVert=False, font='Arial', fontFiles=[], height=0.05, italic=False, languageStyle='LTR', name='text_baseline_instructions', opacity=1.0, ori=0, pos=array([0., 0.]), rgb=array([255., 255., 255.]), text=str(...), units='height', win=Window(...), wrapWidth=1)
14.6037 	EXP 	Created text_blank_screen = TextStim(__class__=<class 'psychopy.visual.text.TextStim'>, alignHoriz='center', alignVert='center', antialias=True, autoLog=True, bold=False, color='white', colorSpace='named', contrast=1.0, depth=0.0, flipHoriz=False, flipVert=False, font='Arial', fontFiles=[], height=0.1, italic=False, languageStyle='LTR', name='text_blank_screen', opacity=1.0, ori=0, pos=array([0., 0.]), rgb=array([255., 255., 255.]), text='', units='height', win=Window(...), wrapWidth=1)
14.6427 	EXP 	Created text_countdown = TextStim(__class__=<class 'psychopy.visual.text.TextStim'>, alignHoriz='center', alignVert='center', antialias=True, autoLog=True, bold=False, color='white', colorSpace='named', contrast=1.0, depth=0.0, flipHoriz=False, flipVert=False, font='Arial', fontFiles=[], height=0.2, italic=False, languageStyle='LTR', name='text_countdown', opacity=1.0, ori=0, pos=array([0., 0.]), rgb=array([255., 255., 255.]), text='default text', units='height', win=Window(...), wrapWidth=1)
14.6433 	EXP 	Created text_blank_screen = TextStim(__class__=<class 'psychopy.visual.text.TextStim'>, alignHoriz='center', alignVert='center', antialias=True, autoLog=True, bold=False, color='white', colorSpace='named', contrast=1.0, depth=0.0, flipHoriz=False, flipVert=False, font='Arial', fontFiles=[], height=0.1, italic=False, languageStyle='LTR', name='text_blank_screen', opacity=1.0, ori=0, pos=array([0., 0.]), rgb=array([255., 255., 255.]), text='', units='height', win=Window(...), wrapWidth=1)
14.6900 	EXP 	Created text_baseline_measurement = TextStim(__class__=<class 'psychopy.visual.text.TextStim'>, alignHoriz='center', alignVert='center', antialias=True, autoLog=True, bold=False, color='white', colorSpace='named', contrast=1.0, depth=0.0, flipHoriz=False, flipVert=False, font='Arial', fontFiles=[], height=0.4, italic=False, languageStyle='LTR', name='text_baseline_measurement', opacity=1.0, ori=0, pos=array([0., 0.]), rgb=array([255., 255., 255.]), text='+', units='height', win=Window(...), wrapWidth=1)
14.6905 	EXP 	Created text_blank_screen = TextStim(__class__=<class 'psychopy.visual.text.TextStim'>, alignHoriz='center', alignVert='center', antialias=True, autoLog=True, bold=False, color='white', colorSpace='named', contrast=1.0, depth=0.0, flipHoriz=False, flipVert=False, font='Arial', fontFiles=[], height=0.1, italic=False, languageStyle='LTR', name='text_blank_screen', opacity=1.0, ori=0, pos=array([0., 0.]), rgb=array([255., 255., 255.]), text='', units='height', win=Window(...), wrapWidth=1)
14.6996 	EXP 	Created text_baseline_evaluation_title = TextStim(__class__=<class 'psychopy.visual.text.TextStim'>, alignHoriz='center', alignVert='center', antialias=True, autoLog=True, bold=False, color='white', colorSpace='named', contrast=1.0, depth=0.0, flipHoriz=False, flipVert=False, font='Arial', fontFiles=[], height=0.04, italic=False, languageStyle='LTR', name='text_baseline_evaluation_title', opacity=1.0, ori=0, pos=array([0. , 0.3]), rgb=array([255., 255., 255.]), text='Task finished:', units='height', win=Window(...), wrapWidth=1)
14.7079 	EXP 	Created text_baseline_evaluation = TextStim(__class__=<class 'psychopy.visual.text.TextStim'>, alignHoriz='center', alignVert='center', antialias=True, autoLog=True, bold=False, color='white', colorSpace='named', contrast=1.0, depth=-1.0, flipHoriz=False, flipVert=False, font='Arial', fontFiles=[], height=0.05, italic=False, languageStyle='LTR', name='text_baseline_evaluation', opacity=1.0, ori=0, pos=array([0., 0.]), rgb=array([255., 255., 255.]), text='Please rate your current stress level.', units='height', win=Window(...), wrapWidth=1)
14.7549 	EXP 	Created rating_baseline = RatingScale(__class__=type(...), acceptKeys=['return'], acceptPreText=UNKNOWN, acceptSize=UNKNOWN, acceptText='accept?', autoLog=True, choices=False, depth=0, disappear=False, flipVert=False, high=10, kwargs=UNKNOWN, labels=list(...), leftKeys=['left'], lineColor='White', low=1, marker=ShapeStim(...), markerColor='DarkBlue', markerExpansion=UNKNOWN, markerStart=5.0, maxTime=0.0, minTime=0.4, mouseOnly=False, name='rating_baseline', noMouse=False, pos=[0.0, -0.4], precision=1, respKeys=[], rightKeys=['right'], scale='', self=UNKNOWN, showAccept=True, showValue=True, singleClick=False, size=0.6, skipKeys=['tab'], stretch=1.0, textColor='LightGray', textFont='Helvetica Bold', textSize=0.12, tickHeight=1.0, tickMarks=9.0, win=Window(...))
14.7554 	EXP 	Created text_blank_screen = TextStim(__class__=<class 'psychopy.visual.text.TextStim'>, alignHoriz='center', alignVert='center', antialias=True, autoLog=True, bold=False, color='white', colorSpace='named', contrast=1.0, depth=0.0, flipHoriz=False, flipVert=False, font='Arial', fontFiles=[], height=0.1, italic=False, languageStyle='LTR', name='text_blank_screen', opacity=1.0, ori=0, pos=array([0., 0.]), rgb=array([255., 255., 255.]), text='', units='height', win=Window(...), wrapWidth=1)
14.7714 	EXP 	Created text_baseline_end = TextStim(__class__=<class 'psychopy.visual.text.TextStim'>, alignHoriz='center', alignVert='center', antialias=True, autoLog=True, bold=False, color='white', colorSpace='named', contrast=1.0, depth=0.0, flipHoriz=False, flipVert=False, font='Arial', fontFiles=[], height=0.1, italic=False, languageStyle='LTR', name='text_baseline_end', opacity=1.0, ori=0, pos=array([0. , 0.1]), rgb=array([255., 255., 255.]), text='Ending Session One.', units='height', win=Window(...), wrapWidth=1)
14.7781 	EXP 	Created text_baseline_end_instructions = TextStim(__class__=<class 'psychopy.visual.text.TextStim'>, alignHoriz='center', alignVert='center', antialias=True, autoLog=True, bold=False, color='white', colorSpace='named', contrast=1.0, depth=-1.0, flipHoriz=False, flipVert=False, font='Arial', fontFiles=[], height=0.04, italic=False, languageStyle='LTR', name='text_baseline_end_instructions', opacity=1.0, ori=0, pos=array([ 0. , -0.3]), rgb=array([255., 255., 255.]), text="(Press 'SPACE' to exit)", units='height', win=Window(...), wrapWidth=1)
14.8156 	EXP 	rating_baseline: flipVert = False
14.8156 	EXP 	rating_baseline: autoLog = True
14.8156 	EXP 	text_welcome_screen: autoDraw = True
14.8156 	EXP 	text_welcome_screen_continue: autoDraw = True
42.3329 	DATA 	Keypress: space
42.3418 	EXP 	text_welcome_screen: autoDraw = False
42.3418 	EXP 	text_welcome_screen_continue: autoDraw = False
42.3418 	EXP 	text_blank_screen: autoDraw = True
42.8413 	EXP 	text_blank_screen: autoDraw = False
42.8413 	EXP 	text_blank_screen: autoDraw = False
42.8413 	EXP 	text_baseline_screen: autoDraw = True
42.8413 	EXP 	text_baseline_screen_title: autoDraw = True
47.8407 	EXP 	text_baseline_screen: autoDraw = False
47.8407 	EXP 	text_baseline_screen_title: autoDraw = False
47.8407 	EXP 	text_baseline_screen: autoDraw = False
47.8407 	EXP 	text_baseline_screen_title: autoDraw = False
47.8407 	EXP 	text_blank_screen: autoDraw = True
48.3414 	EXP 	text_blank_screen: autoDraw = False
48.3414 	EXP 	text_blank_screen: autoDraw = False
48.3414 	EXP 	text_baseline_instructions_title: autoDraw = True
48.3414 	EXP 	text_baseline_instructions: autoDraw = True
57.9769 	DATA 	Keypress: space
57.9875 	EXP 	text_baseline_instructions_title: autoDraw = False
57.9875 	EXP 	text_baseline_instructions: autoDraw = False
57.9875 	EXP 	text_blank_screen: autoDraw = True
58.5160 	EXP 	text_blank_screen: autoDraw = False
58.5160 	EXP 	text_blank_screen: autoDraw = False
58.5160 	EXP 	text_countdown: autoDraw = True
68.5016 	EXP 	text_countdown: autoDraw = False
68.5016 	EXP 	text_blank_screen: autoDraw = True
69.0030 	EXP 	text_blank_screen: autoDraw = False
69.0030 	EXP 	text_baseline_measurement: autoDraw = True
368.9982 	EXP 	text_baseline_measurement: autoDraw = False
368.9982 	EXP 	text_blank_screen: autoDraw = True
369.4855 	EXP 	RatingScale rating_baseline: reset()
369.5103 	EXP 	text_blank_screen: autoDraw = False
369.5103 	EXP 	text_baseline_evaluation_title: autoDraw = True
369.5103 	EXP 	text_baseline_evaluation: autoDraw = True
369.5103 	EXP 	rating_baseline: autoDraw = True
392.8775 	DATA 	Mouse: Left button down, pos=(855,335)
392.9783 	DATA 	Mouse:  Left button up, pos=(855,335)
397.2112 	DATA 	Mouse: Left button down, pos=(801,335)
397.3268 	DATA 	Mouse:  Left button up, pos=(801,335)
415.9410 	DATA 	Mouse: Left button down, pos=(698,347)
416.0389 	DATA 	Mouse:  Left button up, pos=(698,347)
422.1204 	DATA 	Mouse: Left button down, pos=(963,202)
422.1206 	DATA 	RatingScale rating_baseline: (mouse response) rating=1
422.1206 	DATA 	RatingScale rating_baseline: rating RT=52.630
422.1206 	DATA 	RatingScale rating_baseline: history=[(5.0, 0.0), (4, 23.387), (3, 27.721), (1, 46.451), (1, 52.63)]
422.1508 	EXP 	text_baseline_evaluation_title: autoDraw = False
422.1508 	EXP 	text_baseline_evaluation: autoDraw = False
422.1508 	EXP 	rating_baseline: autoDraw = False
422.1508 	EXP 	text_blank_screen: autoDraw = True
422.2386 	DATA 	Mouse:  Left button up, pos=(963,202)
422.6513 	EXP 	text_blank_screen: autoDraw = False
422.6513 	EXP 	text_blank_screen: autoDraw = False
422.6513 	EXP 	text_baseline_end: autoDraw = True
422.6513 	EXP 	text_baseline_end_instructions: autoDraw = True
424.4563 	DATA 	Keypress: space
424.4836 	EXP 	text_baseline_end: autoDraw = False
424.4836 	EXP 	text_baseline_end_instructions: autoDraw = False
424.6502 	EXP 	window1: mouseVisible = True
