25.1790 	EXP 	Created window1 = Window(allowGUI=True, allowStencil=False, args=UNKNOWN, autoLog=True, bitsMode=UNKNOWN, blendMode='avg', color=array([0., 0., 0.]), colorSpace='rgb', fullscr=<method-wrapper '__getattribute__' of attributeSetter object at 0x000001ACF3A58160>, gamma=None, kwargs=UNKNOWN, lms=UNKNOWN, monitor=<psychopy.monitors.calibTools.Monitor object at 0x000001ACF3A60320>, multiSample=False, name='window1', numSamples=2, pos=[0.0, 0.0], screen=0, size=array([1920, 1080]), stereo=False, units='height', useFBO=True, useRetina=False, viewOri=0.0, viewPos=None, viewScale=None, waitBlanking=True, winType='pyglet')
25.1790 	EXP 	window1: recordFrameIntervals = False
25.3449 	EXP 	window1: recordFrameIntervals = True
25.5282 	EXP 	window1: recordFrameIntervals = False
25.8168 	EXP 	Created text_welcome_screen = TextStim(__class__=<class 'psychopy.visual.text.TextStim'>, alignHoriz='center', alignVert='center', antialias=True, autoLog=True, bold=False, color='white', colorSpace='named', contrast=1.0, depth=0.0, flipHoriz=False, flipVert=False, font='Arial', fontFiles=[], height=0.1, italic=False, languageStyle='LTR', name='text_welcome_screen', opacity=1.0, ori=0, pos=array([0. , 0.1]), rgb=array([255., 255., 255.]), text='  Welcome \n     to the \nExperiment', units='height', win=Window(...), wrapWidth=1)
25.8435 	EXP 	Created text_welcome_screen_continue = TextStim(__class__=<class 'psychopy.visual.text.TextStim'>, alignHoriz='center', alignVert='center', antialias=True, autoLog=True, bold=False, color='white', colorSpace='named', contrast=1.0, depth=-1.0, flipHoriz=False, flipVert=False, font='Arial', fontFiles=[], height=0.04, italic=False, languageStyle='LTR', name='text_welcome_screen_continue', opacity=1.0, ori=0, pos=array([ 0. , -0.3]), rgb=array([255., 255., 255.]), text="(Press 'SPACE' to continue)", units='height', win=Window(...), wrapWidth=1)
25.8442 	EXP 	Created text_blank_screen = TextStim(__class__=<class 'psychopy.visual.text.TextStim'>, alignHoriz='center', alignVert='center', antialias=True, autoLog=True, bold=False, color='white', colorSpace='named', contrast=1.0, depth=0.0, flipHoriz=False, flipVert=False, font='Arial', fontFiles=[], height=0.1, italic=False, languageStyle='LTR', name='text_blank_screen', opacity=1.0, ori=0, pos=array([0., 0.]), rgb=array([255., 255., 255.]), text='', units='height', win=Window(...), wrapWidth=1)
25.8653 	EXP 	Created text_baseline_screen = TextStim(__class__=<class 'psychopy.visual.text.TextStim'>, alignHoriz='center', alignVert='center', antialias=True, autoLog=True, bold=False, color='white', colorSpace='named', contrast=1.0, depth=0.0, flipHoriz=False, flipVert=False, font='Arial', fontFiles=[], height=0.1, italic=False, languageStyle='LTR', name='text_baseline_screen', opacity=1.0, ori=0, pos=array([0., 0.]), rgb=array([255., 255., 255.]), text='    Baseline \nMeasurement', units='height', win=Window(...), wrapWidth=1)
25.8740 	EXP 	Created text_baseline_screen_title = TextStim(__class__=<class 'psychopy.visual.text.TextStim'>, alignHoriz='center', alignVert='center', antialias=True, autoLog=True, bold=False, color='white', colorSpace='named', contrast=1.0, depth=-1.0, flipHoriz=False, flipVert=False, font='Arial', fontFiles=[], height=0.04, italic=False, languageStyle='LTR', name='text_baseline_screen_title', opacity=1.0, ori=0, pos=array([0. , 0.2]), rgb=array([255., 255., 255.]), text='Session One:', units='height', win=Window(...), wrapWidth=1)
25.8747 	EXP 	Created text_blank_screen = TextStim(__class__=<class 'psychopy.visual.text.TextStim'>, alignHoriz='center', alignVert='center', antialias=True, autoLog=True, bold=False, color='white', colorSpace='named', contrast=1.0, depth=0.0, flipHoriz=False, flipVert=False, font='Arial', fontFiles=[], height=0.1, italic=False, languageStyle='LTR', name='text_blank_screen', opacity=1.0, ori=0, pos=array([0., 0.]), rgb=array([255., 255., 255.]), text='', units='height', win=Window(...), wrapWidth=1)
25.8810 	EXP 	Created text_baseline_instructions_title = TextStim(__class__=<class 'psychopy.visual.text.TextStim'>, alignHoriz='center', alignVert='center', antialias=True, autoLog=True, bold=False, color='white', colorSpace='named', contrast=1.0, depth=0.0, flipHoriz=False, flipVert=False, font='Arial', fontFiles=[], height=0.04, italic=False, languageStyle='LTR', name='text_baseline_instructions_title', opacity=1.0, ori=0, pos=array([0. , 0.3]), rgb=array([255., 255., 255.]), text='Instructions:', units='height', win=Window(...), wrapWidth=1)
25.9191 	EXP 	Created text_baseline_instructions = TextStim(__class__=<class 'psychopy.visual.text.TextStim'>, alignHoriz='center', alignVert='center', antialias=True, autoLog=True, bold=False, color='white', colorSpace='named', contrast=1.0, depth=-1.0, flipHoriz=False, flipVert=False, font='Arial', fontFiles=[], height=0.05, italic=False, languageStyle='LTR', name='text_baseline_instructions', opacity=1.0, ori=0, pos=array([0., 0.]), rgb=array([255., 255., 255.]), text=str(...), units='height', win=Window(...), wrapWidth=1)
25.9198 	EXP 	Created text_blank_screen = TextStim(__class__=<class 'psychopy.visual.text.TextStim'>, alignHoriz='center', alignVert='center', antialias=True, autoLog=True, bold=False, color='white', colorSpace='named', contrast=1.0, depth=0.0, flipHoriz=False, flipVert=False, font='Arial', fontFiles=[], height=0.1, italic=False, languageStyle='LTR', name='text_blank_screen', opacity=1.0, ori=0, pos=array([0., 0.]), rgb=array([255., 255., 255.]), text='', units='height', win=Window(...), wrapWidth=1)
25.9829 	EXP 	Created text_countdown = TextStim(__class__=<class 'psychopy.visual.text.TextStim'>, alignHoriz='center', alignVert='center', antialias=True, autoLog=True, bold=False, color='white', colorSpace='named', contrast=1.0, depth=0.0, flipHoriz=False, flipVert=False, font='Arial', fontFiles=[], height=0.2, italic=False, languageStyle='LTR', name='text_countdown', opacity=1.0, ori=0, pos=array([0., 0.]), rgb=array([255., 255., 255.]), text='default text', units='height', win=Window(...), wrapWidth=1)
25.9836 	EXP 	Created text_blank_screen = TextStim(__class__=<class 'psychopy.visual.text.TextStim'>, alignHoriz='center', alignVert='center', antialias=True, autoLog=True, bold=False, color='white', colorSpace='named', contrast=1.0, depth=0.0, flipHoriz=False, flipVert=False, font='Arial', fontFiles=[], height=0.1, italic=False, languageStyle='LTR', name='text_blank_screen', opacity=1.0, ori=0, pos=array([0., 0.]), rgb=array([255., 255., 255.]), text='', units='height', win=Window(...), wrapWidth=1)
26.0524 	EXP 	Created text_baseline_measurement = TextStim(__class__=<class 'psychopy.visual.text.TextStim'>, alignHoriz='center', alignVert='center', antialias=True, autoLog=True, bold=False, color='white', colorSpace='named', contrast=1.0, depth=0.0, flipHoriz=False, flipVert=False, font='Arial', fontFiles=[], height=0.4, italic=False, languageStyle='LTR', name='text_baseline_measurement', opacity=1.0, ori=0, pos=array([0., 0.]), rgb=array([255., 255., 255.]), text='+', units='height', win=Window(...), wrapWidth=1)
26.0532 	EXP 	Created text_blank_screen = TextStim(__class__=<class 'psychopy.visual.text.TextStim'>, alignHoriz='center', alignVert='center', antialias=True, autoLog=True, bold=False, color='white', colorSpace='named', contrast=1.0, depth=0.0, flipHoriz=False, flipVert=False, font='Arial', fontFiles=[], height=0.1, italic=False, languageStyle='LTR', name='text_blank_screen', opacity=1.0, ori=0, pos=array([0., 0.]), rgb=array([255., 255., 255.]), text='', units='height', win=Window(...), wrapWidth=1)
26.0662 	EXP 	Created text_baseline_evaluation_title = TextStim(__class__=<class 'psychopy.visual.text.TextStim'>, alignHoriz='center', alignVert='center', antialias=True, autoLog=True, bold=False, color='white', colorSpace='named', contrast=1.0, depth=0.0, flipHoriz=False, flipVert=False, font='Arial', fontFiles=[], height=0.04, italic=False, languageStyle='LTR', name='text_baseline_evaluation_title', opacity=1.0, ori=0, pos=array([0. , 0.3]), rgb=array([255., 255., 255.]), text='Task finished:', units='height', win=Window(...), wrapWidth=1)
26.0786 	EXP 	Created text_baseline_evaluation = TextStim(__class__=<class 'psychopy.visual.text.TextStim'>, alignHoriz='center', alignVert='center', antialias=True, autoLog=True, bold=False, color='white', colorSpace='named', contrast=1.0, depth=-1.0, flipHoriz=False, flipVert=False, font='Arial', fontFiles=[], height=0.05, italic=False, languageStyle='LTR', name='text_baseline_evaluation', opacity=1.0, ori=0, pos=array([0., 0.]), rgb=array([255., 255., 255.]), text='Please rate your current stress level.', units='height', win=Window(...), wrapWidth=1)
26.1301 	EXP 	Created rating_baseline = RatingScale(__class__=type(...), acceptKeys=['return'], acceptPreText=UNKNOWN, acceptSize=UNKNOWN, acceptText='accept?', autoLog=True, choices=False, depth=0, disappear=False, flipVert=False, high=10, kwargs=UNKNOWN, labels=list(...), leftKeys=['left'], lineColor='White', low=1, marker=ShapeStim(...), markerColor='DarkBlue', markerExpansion=UNKNOWN, markerStart=5.0, maxTime=0.0, minTime=0.4, mouseOnly=False, name='rating_baseline', noMouse=False, pos=[0.0, -0.4], precision=1, respKeys=[], rightKeys=['right'], scale='', self=UNKNOWN, showAccept=True, showValue=True, singleClick=False, size=0.6, skipKeys=['tab'], stretch=1.0, textColor='LightGray', textFont='Helvetica Bold', textSize=0.12, tickHeight=1.0, tickMarks=9.0, win=Window(...))
26.1308 	EXP 	Created text_blank_screen = TextStim(__class__=<class 'psychopy.visual.text.TextStim'>, alignHoriz='center', alignVert='center', antialias=True, autoLog=True, bold=False, color='white', colorSpace='named', contrast=1.0, depth=0.0, flipHoriz=False, flipVert=False, font='Arial', fontFiles=[], height=0.1, italic=False, languageStyle='LTR', name='text_blank_screen', opacity=1.0, ori=0, pos=array([0., 0.]), rgb=array([255., 255., 255.]), text='', units='height', win=Window(...), wrapWidth=1)
26.1528 	EXP 	Created text_baseline_end = TextStim(__class__=<class 'psychopy.visual.text.TextStim'>, alignHoriz='center', alignVert='center', antialias=True, autoLog=True, bold=False, color='white', colorSpace='named', contrast=1.0, depth=0.0, flipHoriz=False, flipVert=False, font='Arial', fontFiles=[], height=0.1, italic=False, languageStyle='LTR', name='text_baseline_end', opacity=1.0, ori=0, pos=array([0. , 0.1]), rgb=array([255., 255., 255.]), text='Ending Session One.', units='height', win=Window(...), wrapWidth=1)
26.1618 	EXP 	Created text_baseline_end_instructions = TextStim(__class__=<class 'psychopy.visual.text.TextStim'>, alignHoriz='center', alignVert='center', antialias=True, autoLog=True, bold=False, color='white', colorSpace='named', contrast=1.0, depth=-1.0, flipHoriz=False, flipVert=False, font='Arial', fontFiles=[], height=0.04, italic=False, languageStyle='LTR', name='text_baseline_end_instructions', opacity=1.0, ori=0, pos=array([ 0. , -0.3]), rgb=array([255., 255., 255.]), text="(Press 'SPACE' to exit)", units='height', win=Window(...), wrapWidth=1)
26.1937 	EXP 	rating_baseline: flipVert = False
26.1937 	EXP 	rating_baseline: autoLog = True
26.1937 	EXP 	text_welcome_screen: autoDraw = True
26.1937 	EXP 	text_welcome_screen_continue: autoDraw = True
31.1624 	DATA 	Keypress: space
31.1736 	EXP 	text_welcome_screen: autoDraw = False
31.1736 	EXP 	text_welcome_screen_continue: autoDraw = False
31.1736 	EXP 	text_blank_screen: autoDraw = True
31.6732 	EXP 	text_blank_screen: autoDraw = False
31.6732 	EXP 	text_blank_screen: autoDraw = False
31.6732 	EXP 	text_baseline_screen: autoDraw = True
31.6732 	EXP 	text_baseline_screen_title: autoDraw = True
36.6691 	EXP 	text_baseline_screen: autoDraw = False
36.6691 	EXP 	text_baseline_screen_title: autoDraw = False
36.6691 	EXP 	text_baseline_screen: autoDraw = False
36.6691 	EXP 	text_baseline_screen_title: autoDraw = False
36.6691 	EXP 	text_blank_screen: autoDraw = True
37.1687 	EXP 	text_blank_screen: autoDraw = False
37.1687 	EXP 	text_blank_screen: autoDraw = False
37.1687 	EXP 	text_baseline_instructions_title: autoDraw = True
37.1687 	EXP 	text_baseline_instructions: autoDraw = True
47.5988 	DATA 	Keypress: space
47.6103 	EXP 	text_baseline_instructions_title: autoDraw = False
47.6103 	EXP 	text_baseline_instructions: autoDraw = False
47.6103 	EXP 	text_blank_screen: autoDraw = True
48.1224 	EXP 	text_blank_screen: autoDraw = False
48.1224 	EXP 	text_blank_screen: autoDraw = False
48.1224 	EXP 	text_countdown: autoDraw = True
58.1018 	EXP 	text_countdown: autoDraw = False
58.1018 	EXP 	text_countdown: autoDraw = False
58.1018 	EXP 	text_blank_screen: autoDraw = True
58.6008 	EXP 	text_blank_screen: autoDraw = False
58.6008 	EXP 	text_blank_screen: autoDraw = False
58.6008 	EXP 	text_baseline_measurement: autoDraw = True
358.6049 	EXP 	text_baseline_measurement: autoDraw = False
358.6049 	EXP 	text_baseline_measurement: autoDraw = False
358.6049 	EXP 	text_blank_screen: autoDraw = True
359.0908 	EXP 	RatingScale rating_baseline: reset()
359.1060 	EXP 	text_blank_screen: autoDraw = False
359.1060 	EXP 	text_blank_screen: autoDraw = False
359.1060 	EXP 	text_baseline_evaluation_title: autoDraw = True
359.1060 	EXP 	text_baseline_evaluation: autoDraw = True
359.1060 	EXP 	rating_baseline: autoDraw = True
370.9150 	DATA 	Mouse: Left button down, pos=(675,339)
371.0162 	DATA 	Mouse:  Left button up, pos=(675,339)
372.3640 	DATA 	Mouse: Left button down, pos=(927,198)
372.3643 	DATA 	RatingScale rating_baseline: (mouse response) rating=1
372.3643 	DATA 	RatingScale rating_baseline: rating RT=13.271
372.3643 	DATA 	RatingScale rating_baseline: history=[(5.0, 0.0), (1, 11.822), (1, 13.271)]
372.3934 	EXP 	text_baseline_evaluation_title: autoDraw = False
372.3934 	EXP 	text_baseline_evaluation: autoDraw = False
372.3934 	EXP 	rating_baseline: autoDraw = False
372.3934 	EXP 	text_blank_screen: autoDraw = True
372.4799 	DATA 	Mouse:  Left button up, pos=(927,198)
372.8932 	EXP 	text_blank_screen: autoDraw = False
372.8932 	EXP 	text_blank_screen: autoDraw = False
372.8932 	EXP 	text_baseline_end: autoDraw = True
372.8932 	EXP 	text_baseline_end_instructions: autoDraw = True
374.7952 	DATA 	Keypress: space
374.8087 	EXP 	text_baseline_end: autoDraw = False
374.8087 	EXP 	text_baseline_end_instructions: autoDraw = False
374.9639 	EXP 	window1: mouseVisible = True
